\BOOKMARK [0][-]{chapter.1}{\376\377\0001\000\040\000N\000a\000m\000e\000s\000p\000a\000c\000e\000\040\000I\000n\000d\000e\000x}{}% 1
\BOOKMARK [1][-]{section.1.1}{\376\377\0001\000.\0001\000\040\000N\000a\000m\000e\000s\000p\000a\000c\000e\000\040\000L\000i\000s\000t}{chapter.1}% 2
\BOOKMARK [0][-]{chapter.2}{\376\377\0002\000\040\000H\000i\000e\000r\000a\000r\000c\000h\000i\000c\000a\000l\000\040\000I\000n\000d\000e\000x}{}% 3
\BOOKMARK [1][-]{section.2.1}{\376\377\0002\000.\0001\000\040\000C\000l\000a\000s\000s\000\040\000H\000i\000e\000r\000a\000r\000c\000h\000y}{chapter.2}% 4
\BOOKMARK [0][-]{chapter.3}{\376\377\0003\000\040\000C\000l\000a\000s\000s\000\040\000I\000n\000d\000e\000x}{}% 5
\BOOKMARK [1][-]{section.3.1}{\376\377\0003\000.\0001\000\040\000C\000l\000a\000s\000s\000\040\000L\000i\000s\000t}{chapter.3}% 6
\BOOKMARK [0][-]{chapter.4}{\376\377\0004\000\040\000N\000a\000m\000e\000s\000p\000a\000c\000e\000\040\000D\000o\000c\000u\000m\000e\000n\000t\000a\000t\000i\000o\000n}{}% 7
\BOOKMARK [1][-]{section.4.1}{\376\377\0004\000.\0001\000\040\000t\000z\000\040\000N\000a\000m\000e\000s\000p\000a\000c\000e\000\040\000R\000e\000f\000e\000r\000e\000n\000c\000e}{chapter.4}% 8
\BOOKMARK [2][-]{subsection.4.1.1}{\376\377\0004\000.\0001\000.\0001\000\040\000D\000e\000t\000a\000i\000l\000e\000d\000\040\000D\000e\000s\000c\000r\000i\000p\000t\000i\000o\000n}{section.4.1}% 9
\BOOKMARK [2][-]{subsection.4.1.2}{\376\377\0004\000.\0001\000.\0002\000\040\000F\000u\000n\000c\000t\000i\000o\000n\000\040\000D\000o\000c\000u\000m\000e\000n\000t\000a\000t\000i\000o\000n}{section.4.1}% 10
\BOOKMARK [3][-]{subsubsection.4.1.2.1}{\376\377\0004\000.\0001\000.\0002\000.\0001\000\040\000i\000n\000i\000t\000i\000a\000l\000i\000s\000e\000\050\000\051}{subsection.4.1.2}% 11
\BOOKMARK [3][-]{subsubsection.4.1.2.2}{\376\377\0004\000.\0001\000.\0002\000.\0002\000\040\000t\000e\000r\000m\000i\000n\000a\000t\000e\000\050\000\051}{subsection.4.1.2}% 12
\BOOKMARK [1][-]{section.4.2}{\376\377\0004\000.\0002\000\040\000t\000z\000:\000:\000g\000r\000a\000p\000h\000i\000c\000s\000:\000:\000m\000o\000d\000e\000l\000\040\000N\000a\000m\000e\000s\000p\000a\000c\000e\000\040\000R\000e\000f\000e\000r\000e\000n\000c\000e}{chapter.4}% 13
\BOOKMARK [2][-]{subsection.4.2.1}{\376\377\0004\000.\0002\000.\0001\000\040\000D\000e\000t\000a\000i\000l\000e\000d\000\040\000D\000e\000s\000c\000r\000i\000p\000t\000i\000o\000n}{section.4.2}% 14
\BOOKMARK [1][-]{section.4.3}{\376\377\0004\000.\0003\000\040\000t\000z\000:\000:\000g\000r\000a\000p\000h\000i\000c\000s\000:\000:\000s\000h\000a\000d\000e\000r\000\040\000N\000a\000m\000e\000s\000p\000a\000c\000e\000\040\000R\000e\000f\000e\000r\000e\000n\000c\000e}{chapter.4}% 15
\BOOKMARK [2][-]{subsection.4.3.1}{\376\377\0004\000.\0003\000.\0001\000\040\000D\000e\000t\000a\000i\000l\000e\000d\000\040\000D\000e\000s\000c\000r\000i\000p\000t\000i\000o\000n}{section.4.3}% 16
\BOOKMARK [1][-]{section.4.4}{\376\377\0004\000.\0004\000\040\000t\000z\000:\000:\000t\000r\000a\000n\000s\000f\000o\000r\000m\000\040\000N\000a\000m\000e\000s\000p\000a\000c\000e\000\040\000R\000e\000f\000e\000r\000e\000n\000c\000e}{chapter.4}% 17
\BOOKMARK [2][-]{subsection.4.4.1}{\376\377\0004\000.\0004\000.\0001\000\040\000D\000e\000t\000a\000i\000l\000e\000d\000\040\000D\000e\000s\000c\000r\000i\000p\000t\000i\000o\000n}{section.4.4}% 18
\BOOKMARK [2][-]{subsection.4.4.2}{\376\377\0004\000.\0004\000.\0002\000\040\000F\000u\000n\000c\000t\000i\000o\000n\000\040\000D\000o\000c\000u\000m\000e\000n\000t\000a\000t\000i\000o\000n}{section.4.4}% 19
\BOOKMARK [3][-]{subsubsection.4.4.2.1}{\376\377\0004\000.\0004\000.\0002\000.\0001\000\040\000m\000o\000d\000e\000l\000\050\000\051}{subsection.4.4.2}% 20
\BOOKMARK [3][-]{subsubsection.4.4.2.2}{\376\377\0004\000.\0004\000.\0002\000.\0002\000\040\000o\000r\000t\000h\000o\000g\000r\000a\000p\000h\000i\000c\000\137\000p\000r\000o\000j\000e\000c\000t\000i\000o\000n\000\050\000\051}{subsection.4.4.2}% 21
\BOOKMARK [3][-]{subsubsection.4.4.2.3}{\376\377\0004\000.\0004\000.\0002\000.\0003\000\040\000p\000e\000r\000s\000p\000e\000c\000t\000i\000v\000e\000\137\000p\000r\000o\000j\000e\000c\000t\000i\000o\000n\000\050\000\051}{subsection.4.4.2}% 22
\BOOKMARK [3][-]{subsubsection.4.4.2.4}{\376\377\0004\000.\0004\000.\0002\000.\0004\000\040\000r\000o\000t\000a\000t\000e\000\050\000\051}{subsection.4.4.2}% 23
\BOOKMARK [3][-]{subsubsection.4.4.2.5}{\376\377\0004\000.\0004\000.\0002\000.\0005\000\040\000r\000o\000t\000a\000t\000e\000\137\000x\000\050\000\051}{subsection.4.4.2}% 24
\BOOKMARK [3][-]{subsubsection.4.4.2.6}{\376\377\0004\000.\0004\000.\0002\000.\0006\000\040\000r\000o\000t\000a\000t\000e\000\137\000y\000\050\000\051}{subsection.4.4.2}% 25
\BOOKMARK [3][-]{subsubsection.4.4.2.7}{\376\377\0004\000.\0004\000.\0002\000.\0007\000\040\000r\000o\000t\000a\000t\000e\000\137\000z\000\050\000\051}{subsection.4.4.2}% 26
\BOOKMARK [3][-]{subsubsection.4.4.2.8}{\376\377\0004\000.\0004\000.\0002\000.\0008\000\040\000s\000c\000a\000l\000e\000\050\000\051}{subsection.4.4.2}% 27
\BOOKMARK [3][-]{subsubsection.4.4.2.9}{\376\377\0004\000.\0004\000.\0002\000.\0009\000\040\000t\000r\000a\000n\000s\000l\000a\000t\000e\000\050\000\051}{subsection.4.4.2}% 28
\BOOKMARK [3][-]{subsubsection.4.4.2.10}{\376\377\0004\000.\0004\000.\0002\000.\0001\0000\000\040\000v\000i\000e\000w\000\050\000\051}{subsection.4.4.2}% 29
\BOOKMARK [1][-]{section.4.5}{\376\377\0004\000.\0005\000\040\000t\000z\000:\000:\000u\000t\000i\000l\000:\000:\000l\000o\000g\000\040\000N\000a\000m\000e\000s\000p\000a\000c\000e\000\040\000R\000e\000f\000e\000r\000e\000n\000c\000e}{chapter.4}% 30
\BOOKMARK [2][-]{subsection.4.5.1}{\376\377\0004\000.\0005\000.\0001\000\040\000D\000e\000t\000a\000i\000l\000e\000d\000\040\000D\000e\000s\000c\000r\000i\000p\000t\000i\000o\000n}{section.4.5}% 31
\BOOKMARK [1][-]{section.4.6}{\376\377\0004\000.\0006\000\040\000t\000z\000:\000:\000u\000t\000i\000l\000:\000:\000s\000t\000r\000i\000n\000g\000\040\000N\000a\000m\000e\000s\000p\000a\000c\000e\000\040\000R\000e\000f\000e\000r\000e\000n\000c\000e}{chapter.4}% 32
\BOOKMARK [2][-]{subsection.4.6.1}{\376\377\0004\000.\0006\000.\0001\000\040\000D\000e\000t\000a\000i\000l\000e\000d\000\040\000D\000e\000s\000c\000r\000i\000p\000t\000i\000o\000n}{section.4.6}% 33
\BOOKMARK [0][-]{chapter.5}{\376\377\0005\000\040\000C\000l\000a\000s\000s\000\040\000D\000o\000c\000u\000m\000e\000n\000t\000a\000t\000i\000o\000n}{}% 34
\BOOKMARK [1][-]{section.5.1}{\376\377\0005\000.\0001\000\040\000A\000A\000B\000B\000\040\000C\000l\000a\000s\000s\000\040\000R\000e\000f\000e\000r\000e\000n\000c\000e}{chapter.5}% 35
\BOOKMARK [2][-]{subsection.5.1.1}{\376\377\0005\000.\0001\000.\0001\000\040\000D\000e\000t\000a\000i\000l\000e\000d\000\040\000D\000e\000s\000c\000r\000i\000p\000t\000i\000o\000n}{section.5.1}% 36
\BOOKMARK [2][-]{subsection.5.1.2}{\376\377\0005\000.\0001\000.\0002\000\040\000M\000e\000m\000b\000e\000r\000\040\000F\000u\000n\000c\000t\000i\000o\000n\000\040\000D\000o\000c\000u\000m\000e\000n\000t\000a\000t\000i\000o\000n}{section.5.1}% 37
\BOOKMARK [3][-]{subsubsection.5.1.2.1}{\376\377\0005\000.\0001\000.\0002\000.\0001\000\040\000i\000n\000t\000e\000r\000s\000e\000c\000t\000s\000\050\000\051}{subsection.5.1.2}% 38
\BOOKMARK [1][-]{section.5.2}{\376\377\0005\000.\0002\000\040\000A\000u\000d\000i\000o\000C\000l\000i\000p\000\040\000C\000l\000a\000s\000s\000\040\000R\000e\000f\000e\000r\000e\000n\000c\000e}{chapter.5}% 39
\BOOKMARK [2][-]{subsection.5.2.1}{\376\377\0005\000.\0002\000.\0001\000\040\000D\000e\000t\000a\000i\000l\000e\000d\000\040\000D\000e\000s\000c\000r\000i\000p\000t\000i\000o\000n}{section.5.2}% 40
\BOOKMARK [2][-]{subsection.5.2.2}{\376\377\0005\000.\0002\000.\0002\000\040\000C\000o\000n\000s\000t\000r\000u\000c\000t\000o\000r\000\040\000\046\000\040\000D\000e\000s\000t\000r\000u\000c\000t\000o\000r\000\040\000D\000o\000c\000u\000m\000e\000n\000t\000a\000t\000i\000o\000n}{section.5.2}% 41
\BOOKMARK [3][-]{subsubsection.5.2.2.1}{\376\377\0005\000.\0002\000.\0002\000.\0001\000\040\000A\000u\000d\000i\000o\000C\000l\000i\000p\000\050\000\051\000\040\000[\0001\000/\0003\000]}{subsection.5.2.2}% 42
\BOOKMARK [3][-]{subsubsection.5.2.2.2}{\376\377\0005\000.\0002\000.\0002\000.\0002\000\040\000A\000u\000d\000i\000o\000C\000l\000i\000p\000\050\000\051\000\040\000[\0002\000/\0003\000]}{subsection.5.2.2}% 43
\BOOKMARK [3][-]{subsubsection.5.2.2.3}{\376\377\0005\000.\0002\000.\0002\000.\0003\000\040\000A\000u\000d\000i\000o\000C\000l\000i\000p\000\050\000\051\000\040\000[\0003\000/\0003\000]}{subsection.5.2.2}% 44
\BOOKMARK [3][-]{subsubsection.5.2.2.4}{\376\377\0005\000.\0002\000.\0002\000.\0004\000\040\000\040\000A\000u\000d\000i\000o\000C\000l\000i\000p\000\050\000\051}{subsection.5.2.2}% 45
\BOOKMARK [2][-]{subsection.5.2.3}{\376\377\0005\000.\0002\000.\0003\000\040\000M\000e\000m\000b\000e\000r\000\040\000F\000u\000n\000c\000t\000i\000o\000n\000\040\000D\000o\000c\000u\000m\000e\000n\000t\000a\000t\000i\000o\000n}{section.5.2}% 46
\BOOKMARK [3][-]{subsubsection.5.2.3.1}{\376\377\0005\000.\0002\000.\0003\000.\0001\000\040\000p\000l\000a\000y\000\050\000\051}{subsection.5.2.3}% 47
\BOOKMARK [1][-]{section.5.3}{\376\377\0005\000.\0003\000\040\000A\000u\000d\000i\000o\000M\000u\000s\000i\000c\000\040\000C\000l\000a\000s\000s\000\040\000R\000e\000f\000e\000r\000e\000n\000c\000e}{chapter.5}% 48
\BOOKMARK [2][-]{subsection.5.3.1}{\376\377\0005\000.\0003\000.\0001\000\040\000D\000e\000t\000a\000i\000l\000e\000d\000\040\000D\000e\000s\000c\000r\000i\000p\000t\000i\000o\000n}{section.5.3}% 49
\BOOKMARK [2][-]{subsection.5.3.2}{\376\377\0005\000.\0003\000.\0002\000\040\000M\000e\000m\000b\000e\000r\000\040\000F\000u\000n\000c\000t\000i\000o\000n\000\040\000D\000o\000c\000u\000m\000e\000n\000t\000a\000t\000i\000o\000n}{section.5.3}% 50
\BOOKMARK [3][-]{subsubsection.5.3.2.1}{\376\377\0005\000.\0003\000.\0002\000.\0001\000\040\000p\000l\000a\000y\000\050\000\051}{subsection.5.3.2}% 51
\BOOKMARK [3][-]{subsubsection.5.3.2.2}{\376\377\0005\000.\0003\000.\0002\000.\0002\000\040\000s\000e\000t\000\137\000p\000a\000u\000s\000e\000d\000\050\000\051}{subsection.5.3.2}% 52
\BOOKMARK [1][-]{section.5.4}{\376\377\0005\000.\0004\000\040\000A\000u\000d\000i\000o\000S\000o\000u\000r\000c\000e\000\040\000C\000l\000a\000s\000s\000\040\000R\000e\000f\000e\000r\000e\000n\000c\000e}{chapter.5}% 53
\BOOKMARK [2][-]{subsection.5.4.1}{\376\377\0005\000.\0004\000.\0001\000\040\000D\000e\000t\000a\000i\000l\000e\000d\000\040\000D\000e\000s\000c\000r\000i\000p\000t\000i\000o\000n}{section.5.4}% 54
\BOOKMARK [2][-]{subsection.5.4.2}{\376\377\0005\000.\0004\000.\0002\000\040\000M\000e\000m\000b\000e\000r\000\040\000F\000u\000n\000c\000t\000i\000o\000n\000\040\000D\000o\000c\000u\000m\000e\000n\000t\000a\000t\000i\000o\000n}{section.5.4}% 55
\BOOKMARK [3][-]{subsubsection.5.4.2.1}{\376\377\0005\000.\0004\000.\0002\000.\0001\000\040\000u\000p\000d\000a\000t\000e\000\050\000\051}{subsection.5.4.2}% 56
\BOOKMARK [1][-]{section.5.5}{\376\377\0005\000.\0005\000\040\000B\000i\000t\000m\000a\000p\000<\000\040\000P\000i\000x\000e\000l\000\040\000>\000\040\000C\000l\000a\000s\000s\000\040\000T\000e\000m\000p\000l\000a\000t\000e\000\040\000R\000e\000f\000e\000r\000e\000n\000c\000e}{chapter.5}% 57
\BOOKMARK [2][-]{subsection.5.5.1}{\376\377\0005\000.\0005\000.\0001\000\040\000D\000e\000t\000a\000i\000l\000e\000d\000\040\000D\000e\000s\000c\000r\000i\000p\000t\000i\000o\000n}{section.5.5}% 58
\BOOKMARK [1][-]{section.5.6}{\376\377\0005\000.\0006\000\040\000B\000o\000u\000n\000d\000a\000r\000y\000\040\000C\000l\000a\000s\000s\000\040\000R\000e\000f\000e\000r\000e\000n\000c\000e}{chapter.5}% 59
\BOOKMARK [2][-]{subsection.5.6.1}{\376\377\0005\000.\0006\000.\0001\000\040\000D\000e\000t\000a\000i\000l\000e\000d\000\040\000D\000e\000s\000c\000r\000i\000p\000t\000i\000o\000n}{section.5.6}% 60
\BOOKMARK [2][-]{subsection.5.6.2}{\376\377\0005\000.\0006\000.\0002\000\040\000M\000e\000m\000b\000e\000r\000\040\000F\000u\000n\000c\000t\000i\000o\000n\000\040\000D\000o\000c\000u\000m\000e\000n\000t\000a\000t\000i\000o\000n}{section.5.6}% 61
\BOOKMARK [3][-]{subsubsection.5.6.2.1}{\376\377\0005\000.\0006\000.\0002\000.\0001\000\040\000i\000n\000t\000e\000r\000s\000e\000c\000t\000s\000\050\000\051}{subsection.5.6.2}% 62
\BOOKMARK [1][-]{section.5.7}{\376\377\0005\000.\0007\000\040\000B\000o\000u\000n\000d\000i\000n\000g\000P\000l\000a\000n\000e\000\040\000C\000l\000a\000s\000s\000\040\000R\000e\000f\000e\000r\000e\000n\000c\000e}{chapter.5}% 63
\BOOKMARK [2][-]{subsection.5.7.1}{\376\377\0005\000.\0007\000.\0001\000\040\000D\000e\000t\000a\000i\000l\000e\000d\000\040\000D\000e\000s\000c\000r\000i\000p\000t\000i\000o\000n}{section.5.7}% 64
\BOOKMARK [2][-]{subsection.5.7.2}{\376\377\0005\000.\0007\000.\0002\000\040\000M\000e\000m\000b\000e\000r\000\040\000F\000u\000n\000c\000t\000i\000o\000n\000\040\000D\000o\000c\000u\000m\000e\000n\000t\000a\000t\000i\000o\000n}{section.5.7}% 65
\BOOKMARK [3][-]{subsubsection.5.7.2.1}{\376\377\0005\000.\0007\000.\0002\000.\0001\000\040\000i\000n\000t\000e\000r\000s\000e\000c\000t\000s\000\050\000\051}{subsection.5.7.2}% 66
\BOOKMARK [1][-]{section.5.8}{\376\377\0005\000.\0008\000\040\000B\000o\000u\000n\000d\000i\000n\000g\000S\000p\000h\000e\000r\000e\000\040\000C\000l\000a\000s\000s\000\040\000R\000e\000f\000e\000r\000e\000n\000c\000e}{chapter.5}% 67
\BOOKMARK [2][-]{subsection.5.8.1}{\376\377\0005\000.\0008\000.\0001\000\040\000D\000e\000t\000a\000i\000l\000e\000d\000\040\000D\000e\000s\000c\000r\000i\000p\000t\000i\000o\000n}{section.5.8}% 68
\BOOKMARK [2][-]{subsection.5.8.2}{\376\377\0005\000.\0008\000.\0002\000\040\000M\000e\000m\000b\000e\000r\000\040\000F\000u\000n\000c\000t\000i\000o\000n\000\040\000D\000o\000c\000u\000m\000e\000n\000t\000a\000t\000i\000o\000n}{section.5.8}% 69
\BOOKMARK [3][-]{subsubsection.5.8.2.1}{\376\377\0005\000.\0008\000.\0002\000.\0001\000\040\000i\000n\000t\000e\000r\000s\000e\000c\000t\000s\000\050\000\051}{subsection.5.8.2}% 70
\BOOKMARK [1][-]{section.5.9}{\376\377\0005\000.\0009\000\040\000B\000u\000t\000t\000o\000n\000\040\000C\000l\000a\000s\000s\000\040\000R\000e\000f\000e\000r\000e\000n\000c\000e}{chapter.5}% 71
\BOOKMARK [2][-]{subsection.5.9.1}{\376\377\0005\000.\0009\000.\0001\000\040\000D\000e\000t\000a\000i\000l\000e\000d\000\040\000D\000e\000s\000c\000r\000i\000p\000t\000i\000o\000n}{section.5.9}% 72
\BOOKMARK [2][-]{subsection.5.9.2}{\376\377\0005\000.\0009\000.\0002\000\040\000M\000e\000m\000b\000e\000r\000\040\000F\000u\000n\000c\000t\000i\000o\000n\000\040\000D\000o\000c\000u\000m\000e\000n\000t\000a\000t\000i\000o\000n}{section.5.9}% 73
\BOOKMARK [3][-]{subsubsection.5.9.2.1}{\376\377\0005\000.\0009\000.\0002\000.\0001\000\040\000g\000e\000t\000\137\000o\000n\000\137\000m\000o\000u\000s\000e\000\137\000c\000l\000i\000c\000k\000\050\000\051}{subsection.5.9.2}% 74
\BOOKMARK [3][-]{subsubsection.5.9.2.2}{\376\377\0005\000.\0009\000.\0002\000.\0002\000\040\000g\000e\000t\000\137\000o\000n\000\137\000m\000o\000u\000s\000e\000\137\000o\000v\000e\000r\000\050\000\051}{subsection.5.9.2}% 75
\BOOKMARK [3][-]{subsubsection.5.9.2.3}{\376\377\0005\000.\0009\000.\0002\000.\0003\000\040\000s\000e\000t\000\137\000o\000n\000\137\000m\000o\000u\000s\000e\000\137\000c\000l\000i\000c\000k\000\050\000\051}{subsection.5.9.2}% 76
\BOOKMARK [3][-]{subsubsection.5.9.2.4}{\376\377\0005\000.\0009\000.\0002\000.\0004\000\040\000s\000e\000t\000\137\000o\000n\000\137\000m\000o\000u\000s\000e\000\137\000o\000v\000e\000r\000\050\000\051}{subsection.5.9.2}% 77
\BOOKMARK [1][-]{section.5.10}{\376\377\0005\000.\0001\0000\000\040\000C\000a\000m\000e\000r\000a\000\040\000C\000l\000a\000s\000s\000\040\000R\000e\000f\000e\000r\000e\000n\000c\000e}{chapter.5}% 78
\BOOKMARK [2][-]{subsection.5.10.1}{\376\377\0005\000.\0001\0000\000.\0001\000\040\000D\000e\000t\000a\000i\000l\000e\000d\000\040\000D\000e\000s\000c\000r\000i\000p\000t\000i\000o\000n}{section.5.10}% 79
\BOOKMARK [2][-]{subsection.5.10.2}{\376\377\0005\000.\0001\0000\000.\0002\000\040\000M\000e\000m\000b\000e\000r\000\040\000F\000u\000n\000c\000t\000i\000o\000n\000\040\000D\000o\000c\000u\000m\000e\000n\000t\000a\000t\000i\000o\000n}{section.5.10}% 80
\BOOKMARK [3][-]{subsubsection.5.10.2.1}{\376\377\0005\000.\0001\0000\000.\0002\000.\0001\000\040\000f\000o\000r\000w\000a\000r\000d\000\050\000\051}{subsection.5.10.2}% 81
\BOOKMARK [3][-]{subsubsection.5.10.2.2}{\376\377\0005\000.\0001\0000\000.\0002\000.\0002\000\040\000i\000s\000\137\000a\000x\000i\000s\000\137\000b\000o\000u\000n\000d\000\050\000\051}{subsection.5.10.2}% 82
\BOOKMARK [1][-]{section.5.11}{\376\377\0005\000.\0001\0001\000\040\000C\000h\000e\000c\000k\000b\000o\000x\000\040\000C\000l\000a\000s\000s\000\040\000R\000e\000f\000e\000r\000e\000n\000c\000e}{chapter.5}% 83
\BOOKMARK [2][-]{subsection.5.11.1}{\376\377\0005\000.\0001\0001\000.\0001\000\040\000D\000e\000t\000a\000i\000l\000e\000d\000\040\000D\000e\000s\000c\000r\000i\000p\000t\000i\000o\000n}{section.5.11}% 84
\BOOKMARK [2][-]{subsection.5.11.2}{\376\377\0005\000.\0001\0001\000.\0002\000\040\000M\000e\000m\000b\000e\000r\000\040\000F\000u\000n\000c\000t\000i\000o\000n\000\040\000D\000o\000c\000u\000m\000e\000n\000t\000a\000t\000i\000o\000n}{section.5.11}% 85
\BOOKMARK [3][-]{subsubsection.5.11.2.1}{\376\377\0005\000.\0001\0001\000.\0002\000.\0001\000\040\000g\000e\000t\000\137\000c\000o\000l\000o\000u\000r\000\050\000\051}{subsection.5.11.2}% 86
\BOOKMARK [3][-]{subsubsection.5.11.2.2}{\376\377\0005\000.\0001\0001\000.\0002\000.\0002\000\040\000g\000e\000t\000\137\000c\000o\000l\000o\000u\000r\000\137\000o\000f\000f\000\050\000\051}{subsection.5.11.2}% 87
\BOOKMARK [3][-]{subsubsection.5.11.2.3}{\376\377\0005\000.\0001\0001\000.\0002\000.\0003\000\040\000g\000e\000t\000\137\000c\000o\000l\000o\000u\000r\000\137\000o\000n\000\050\000\051}{subsection.5.11.2}% 88
\BOOKMARK [2][-]{subsection.5.11.3}{\376\377\0005\000.\0001\0001\000.\0003\000\040\000M\000e\000m\000b\000e\000r\000\040\000D\000a\000t\000a\000\040\000D\000o\000c\000u\000m\000e\000n\000t\000a\000t\000i\000o\000n}{section.5.11}% 89
\BOOKMARK [3][-]{subsubsection.5.11.3.1}{\376\377\0005\000.\0001\0001\000.\0003\000.\0001\000\040\000c\000h\000o\000i\000c\000e\000\137\000p\000a\000r\000e\000n\000t}{subsection.5.11.3}% 90
\BOOKMARK [1][-]{section.5.12}{\376\377\0005\000.\0001\0002\000\040\000C\000h\000e\000c\000k\000b\000o\000x\000C\000h\000o\000i\000c\000e\000\040\000C\000l\000a\000s\000s\000\040\000R\000e\000f\000e\000r\000e\000n\000c\000e}{chapter.5}% 91
\BOOKMARK [2][-]{subsection.5.12.1}{\376\377\0005\000.\0001\0002\000.\0001\000\040\000D\000e\000t\000a\000i\000l\000e\000d\000\040\000D\000e\000s\000c\000r\000i\000p\000t\000i\000o\000n}{section.5.12}% 92
\BOOKMARK [2][-]{subsection.5.12.2}{\376\377\0005\000.\0001\0002\000.\0002\000\040\000C\000o\000n\000s\000t\000r\000u\000c\000t\000o\000r\000\040\000\046\000\040\000D\000e\000s\000t\000r\000u\000c\000t\000o\000r\000\040\000D\000o\000c\000u\000m\000e\000n\000t\000a\000t\000i\000o\000n}{section.5.12}% 93
\BOOKMARK [3][-]{subsubsection.5.12.2.1}{\376\377\0005\000.\0001\0002\000.\0002\000.\0001\000\040\000C\000h\000e\000c\000k\000b\000o\000x\000C\000h\000o\000i\000c\000e\000\050\000\051\000\040\000[\0001\000/\0004\000]}{subsection.5.12.2}% 94
\BOOKMARK [3][-]{subsubsection.5.12.2.2}{\376\377\0005\000.\0001\0002\000.\0002\000.\0002\000\040\000C\000h\000e\000c\000k\000b\000o\000x\000C\000h\000o\000i\000c\000e\000\050\000\051\000\040\000[\0002\000/\0004\000]}{subsection.5.12.2}% 95
\BOOKMARK [3][-]{subsubsection.5.12.2.3}{\376\377\0005\000.\0001\0002\000.\0002\000.\0003\000\040\000C\000h\000e\000c\000k\000b\000o\000x\000C\000h\000o\000i\000c\000e\000\050\000\051\000\040\000[\0003\000/\0004\000]}{subsection.5.12.2}% 96
\BOOKMARK [3][-]{subsubsection.5.12.2.4}{\376\377\0005\000.\0001\0002\000.\0002\000.\0004\000\040\000C\000h\000e\000c\000k\000b\000o\000x\000C\000h\000o\000i\000c\000e\000\050\000\051\000\040\000[\0004\000/\0004\000]}{subsection.5.12.2}% 97
\BOOKMARK [2][-]{subsection.5.12.3}{\376\377\0005\000.\0001\0002\000.\0003\000\040\000M\000e\000m\000b\000e\000r\000\040\000F\000u\000n\000c\000t\000i\000o\000n\000\040\000D\000o\000c\000u\000m\000e\000n\000t\000a\000t\000i\000o\000n}{section.5.12}% 98
\BOOKMARK [3][-]{subsubsection.5.12.3.1}{\376\377\0005\000.\0001\0002\000.\0003\000.\0001\000\040\000o\000p\000e\000r\000a\000t\000o\000r\000=\000\050\000\051\000\040\000[\0001\000/\0002\000]}{subsection.5.12.3}% 99
\BOOKMARK [3][-]{subsubsection.5.12.3.2}{\376\377\0005\000.\0001\0002\000.\0003\000.\0002\000\040\000o\000p\000e\000r\000a\000t\000o\000r\000=\000\050\000\051\000\040\000[\0002\000/\0002\000]}{subsection.5.12.3}% 100
\BOOKMARK [1][-]{section.5.13}{\376\377\0005\000.\0001\0003\000\040\000C\000o\000m\000m\000a\000n\000d\000\040\000C\000l\000a\000s\000s\000\040\000R\000e\000f\000e\000r\000e\000n\000c\000e}{chapter.5}% 101
\BOOKMARK [2][-]{subsection.5.13.1}{\376\377\0005\000.\0001\0003\000.\0001\000\040\000D\000e\000t\000a\000i\000l\000e\000d\000\040\000D\000e\000s\000c\000r\000i\000p\000t\000i\000o\000n}{section.5.13}% 102
\BOOKMARK [1][-]{section.5.14}{\376\377\0005\000.\0001\0004\000\040\000C\000o\000m\000m\000a\000n\000d\000E\000x\000e\000c\000u\000t\000o\000r\000\040\000C\000l\000a\000s\000s\000\040\000R\000e\000f\000e\000r\000e\000n\000c\000e}{chapter.5}% 103
\BOOKMARK [2][-]{subsection.5.14.1}{\376\377\0005\000.\0001\0004\000.\0001\000\040\000D\000e\000t\000a\000i\000l\000e\000d\000\040\000D\000e\000s\000c\000r\000i\000p\000t\000i\000o\000n}{section.5.14}% 104
\BOOKMARK [1][-]{section.5.15}{\376\377\0005\000.\0001\0005\000\040\000C\000u\000b\000e\000M\000a\000p\000\040\000C\000l\000a\000s\000s\000\040\000R\000e\000f\000e\000r\000e\000n\000c\000e}{chapter.5}% 105
\BOOKMARK [2][-]{subsection.5.15.1}{\376\377\0005\000.\0001\0005\000.\0001\000\040\000D\000e\000t\000a\000i\000l\000e\000d\000\040\000D\000e\000s\000c\000r\000i\000p\000t\000i\000o\000n}{section.5.15}% 106
\BOOKMARK [1][-]{section.5.16}{\376\377\0005\000.\0001\0006\000\040\000D\000i\000s\000p\000l\000a\000c\000e\000m\000e\000n\000t\000M\000a\000p\000\040\000C\000l\000a\000s\000s\000\040\000R\000e\000f\000e\000r\000e\000n\000c\000e}{chapter.5}% 107
\BOOKMARK [1][-]{section.5.17}{\376\377\0005\000.\0001\0007\000\040\000E\000n\000g\000i\000n\000e\000\040\000C\000l\000a\000s\000s\000\040\000R\000e\000f\000e\000r\000e\000n\000c\000e}{chapter.5}% 108
\BOOKMARK [2][-]{subsection.5.17.1}{\376\377\0005\000.\0001\0007\000.\0001\000\040\000D\000e\000t\000a\000i\000l\000e\000d\000\040\000D\000e\000s\000c\000r\000i\000p\000t\000i\000o\000n}{section.5.17}% 109
\BOOKMARK [2][-]{subsection.5.17.2}{\376\377\0005\000.\0001\0007\000.\0002\000\040\000C\000o\000n\000s\000t\000r\000u\000c\000t\000o\000r\000\040\000\046\000\040\000D\000e\000s\000t\000r\000u\000c\000t\000o\000r\000\040\000D\000o\000c\000u\000m\000e\000n\000t\000a\000t\000i\000o\000n}{section.5.17}% 110
\BOOKMARK [3][-]{subsubsection.5.17.2.1}{\376\377\0005\000.\0001\0007\000.\0002\000.\0001\000\040\000E\000n\000g\000i\000n\000e\000\050\000\051}{subsection.5.17.2}% 111
\BOOKMARK [2][-]{subsection.5.17.3}{\376\377\0005\000.\0001\0007\000.\0003\000\040\000M\000e\000m\000b\000e\000r\000\040\000F\000u\000n\000c\000t\000i\000o\000n\000\040\000D\000o\000c\000u\000m\000e\000n\000t\000a\000t\000i\000o\000n}{section.5.17}% 112
\BOOKMARK [3][-]{subsubsection.5.17.3.1}{\376\377\0005\000.\0001\0007\000.\0003\000.\0001\000\040\000a\000d\000d\000\137\000t\000i\000c\000k\000\137\000c\000o\000m\000m\000a\000n\000d\000\050\000\051}{subsection.5.17.3}% 113
\BOOKMARK [3][-]{subsubsection.5.17.3.2}{\376\377\0005\000.\0001\0007\000.\0003\000.\0002\000\040\000a\000d\000d\000\137\000u\000p\000d\000a\000t\000e\000\137\000c\000o\000m\000m\000a\000n\000d\000\050\000\051}{subsection.5.17.3}% 114
\BOOKMARK [3][-]{subsubsection.5.17.3.3}{\376\377\0005\000.\0001\0007\000.\0003\000.\0003\000\040\000g\000e\000t\000\137\000f\000p\000s\000\050\000\051}{subsection.5.17.3}% 115
\BOOKMARK [3][-]{subsubsection.5.17.3.4}{\376\377\0005\000.\0001\0007\000.\0003\000.\0004\000\040\000g\000e\000t\000\137\000m\000e\000s\000h\000e\000s\000\050\000\051}{subsection.5.17.3}% 116
\BOOKMARK [3][-]{subsubsection.5.17.3.5}{\376\377\0005\000.\0001\0007\000.\0003\000.\0005\000\040\000g\000e\000t\000\137\000p\000r\000o\000p\000e\000r\000t\000i\000e\000s\000\050\000\051}{subsection.5.17.3}% 117
\BOOKMARK [3][-]{subsubsection.5.17.3.6}{\376\377\0005\000.\0001\0007\000.\0003\000.\0006\000\040\000g\000e\000t\000\137\000r\000e\000s\000o\000u\000r\000c\000e\000s\000\050\000\051}{subsection.5.17.3}% 118
\BOOKMARK [3][-]{subsubsection.5.17.3.7}{\376\377\0005\000.\0001\0007\000.\0003\000.\0007\000\040\000g\000e\000t\000\137\000s\000h\000a\000d\000e\000r\000\050\000\051}{subsection.5.17.3}% 119
\BOOKMARK [3][-]{subsubsection.5.17.3.8}{\376\377\0005\000.\0001\0007\000.\0003\000.\0008\000\040\000g\000e\000t\000\137\000t\000i\000c\000k\000\137\000c\000o\000m\000m\000a\000n\000d\000\137\000e\000x\000e\000c\000u\000t\000o\000r\000\050\000\051}{subsection.5.17.3}% 120
\BOOKMARK [3][-]{subsubsection.5.17.3.9}{\376\377\0005\000.\0001\0007\000.\0003\000.\0009\000\040\000g\000e\000t\000\137\000t\000p\000s\000\050\000\051}{subsection.5.17.3}% 121
\BOOKMARK [3][-]{subsubsection.5.17.3.10}{\376\377\0005\000.\0001\0007\000.\0003\000.\0001\0000\000\040\000g\000e\000t\000\137\000u\000p\000d\000a\000t\000e\000\137\000c\000o\000m\000m\000a\000n\000d\000\137\000e\000x\000e\000c\000u\000t\000o\000r\000\050\000\051}{subsection.5.17.3}% 122
\BOOKMARK [3][-]{subsubsection.5.17.3.11}{\376\377\0005\000.\0001\0007\000.\0003\000.\0001\0001\000\040\000g\000e\000t\000\137\000w\000i\000n\000d\000o\000w\000\050\000\051}{subsection.5.17.3}% 123
\BOOKMARK [3][-]{subsubsection.5.17.3.12}{\376\377\0005\000.\0001\0007\000.\0003\000.\0001\0002\000\040\000i\000s\000\137\000u\000p\000d\000a\000t\000e\000\137\000d\000u\000e\000\050\000\051}{subsection.5.17.3}% 124
\BOOKMARK [3][-]{subsubsection.5.17.3.13}{\376\377\0005\000.\0001\0007\000.\0003\000.\0001\0003\000\040\000r\000e\000m\000o\000v\000e\000\137\000t\000i\000c\000k\000\137\000c\000o\000m\000m\000a\000n\000d\000\050\000\051}{subsection.5.17.3}% 125
\BOOKMARK [3][-]{subsubsection.5.17.3.14}{\376\377\0005\000.\0001\0007\000.\0003\000.\0001\0004\000\040\000r\000e\000m\000o\000v\000e\000\137\000u\000p\000d\000a\000t\000e\000\137\000c\000o\000m\000m\000a\000n\000d\000\050\000\051}{subsection.5.17.3}% 126
\BOOKMARK [3][-]{subsubsection.5.17.3.15}{\376\377\0005\000.\0001\0007\000.\0003\000.\0001\0005\000\040\000u\000p\000d\000a\000t\000e\000\050\000\051}{subsection.5.17.3}% 127
\BOOKMARK [2][-]{subsection.5.17.4}{\376\377\0005\000.\0001\0007\000.\0004\000\040\000M\000e\000m\000b\000e\000r\000\040\000D\000a\000t\000a\000\040\000D\000o\000c\000u\000m\000e\000n\000t\000a\000t\000i\000o\000n}{section.5.17}% 128
\BOOKMARK [3][-]{subsubsection.5.17.4.1}{\376\377\0005\000.\0001\0007\000.\0004\000.\0001\000\040\000c\000a\000m\000e\000r\000a}{subsection.5.17.4}% 129
\BOOKMARK [1][-]{section.5.18}{\376\377\0005\000.\0001\0008\000\040\000E\000n\000t\000i\000t\000y\000\040\000C\000l\000a\000s\000s\000\040\000R\000e\000f\000e\000r\000e\000n\000c\000e}{chapter.5}% 130
\BOOKMARK [2][-]{subsection.5.18.1}{\376\377\0005\000.\0001\0008\000.\0001\000\040\000D\000e\000t\000a\000i\000l\000e\000d\000\040\000D\000e\000s\000c\000r\000i\000p\000t\000i\000o\000n}{section.5.18}% 131
\BOOKMARK [2][-]{subsection.5.18.2}{\376\377\0005\000.\0001\0008\000.\0002\000\040\000M\000e\000m\000b\000e\000r\000\040\000F\000u\000n\000c\000t\000i\000o\000n\000\040\000D\000o\000c\000u\000m\000e\000n\000t\000a\000t\000i\000o\000n}{section.5.18}% 132
\BOOKMARK [3][-]{subsubsection.5.18.2.1}{\376\377\0005\000.\0001\0008\000.\0002\000.\0001\000\040\000a\000p\000p\000l\000y\000\137\000f\000o\000r\000c\000e\000\050\000\051}{subsection.5.18.2}% 133
\BOOKMARK [3][-]{subsubsection.5.18.2.2}{\376\377\0005\000.\0001\0008\000.\0002\000.\0002\000\040\000r\000e\000m\000o\000v\000e\000\137\000f\000o\000r\000c\000e\000\050\000\051}{subsection.5.18.2}% 134
\BOOKMARK [1][-]{section.5.19}{\376\377\0005\000.\0001\0009\000\040\000E\000n\000t\000i\000t\000y\000O\000b\000j\000e\000c\000t\000\040\000C\000l\000a\000s\000s\000\040\000R\000e\000f\000e\000r\000e\000n\000c\000e}{chapter.5}% 135
\BOOKMARK [2][-]{subsection.5.19.1}{\376\377\0005\000.\0001\0009\000.\0001\000\040\000D\000e\000t\000a\000i\000l\000e\000d\000\040\000D\000e\000s\000c\000r\000i\000p\000t\000i\000o\000n}{section.5.19}% 136
\BOOKMARK [2][-]{subsection.5.19.2}{\376\377\0005\000.\0001\0009\000.\0002\000\040\000C\000o\000n\000s\000t\000r\000u\000c\000t\000o\000r\000\040\000\046\000\040\000D\000e\000s\000t\000r\000u\000c\000t\000o\000r\000\040\000D\000o\000c\000u\000m\000e\000n\000t\000a\000t\000i\000o\000n}{section.5.19}% 137
\BOOKMARK [3][-]{subsubsection.5.19.2.1}{\376\377\0005\000.\0001\0009\000.\0002\000.\0001\000\040\000E\000n\000t\000i\000t\000y\000O\000b\000j\000e\000c\000t\000\050\000\051}{subsection.5.19.2}% 138
\BOOKMARK [1][-]{section.5.20}{\376\377\0005\000.\0002\0000\000\040\000F\000o\000n\000t\000\040\000C\000l\000a\000s\000s\000\040\000R\000e\000f\000e\000r\000e\000n\000c\000e}{chapter.5}% 139
\BOOKMARK [2][-]{subsection.5.20.1}{\376\377\0005\000.\0002\0000\000.\0001\000\040\000D\000e\000t\000a\000i\000l\000e\000d\000\040\000D\000e\000s\000c\000r\000i\000p\000t\000i\000o\000n}{section.5.20}% 140
\BOOKMARK [1][-]{section.5.21}{\376\377\0005\000.\0002\0001\000\040\000F\000o\000r\000c\000e\000\040\000C\000l\000a\000s\000s\000\040\000R\000e\000f\000e\000r\000e\000n\000c\000e}{chapter.5}% 141
\BOOKMARK [2][-]{subsection.5.21.1}{\376\377\0005\000.\0002\0001\000.\0001\000\040\000D\000e\000t\000a\000i\000l\000e\000d\000\040\000D\000e\000s\000c\000r\000i\000p\000t\000i\000o\000n}{section.5.21}% 142
\BOOKMARK [1][-]{section.5.22}{\376\377\0005\000.\0002\0002\000\040\000F\000r\000a\000m\000e\000B\000u\000f\000f\000e\000r\000\040\000C\000l\000a\000s\000s\000\040\000R\000e\000f\000e\000r\000e\000n\000c\000e}{chapter.5}% 143
\BOOKMARK [2][-]{subsection.5.22.1}{\376\377\0005\000.\0002\0002\000.\0001\000\040\000D\000e\000t\000a\000i\000l\000e\000d\000\040\000D\000e\000s\000c\000r\000i\000p\000t\000i\000o\000n}{section.5.22}% 144
\BOOKMARK [2][-]{subsection.5.22.2}{\376\377\0005\000.\0002\0002\000.\0002\000\040\000M\000e\000m\000b\000e\000r\000\040\000F\000u\000n\000c\000t\000i\000o\000n\000\040\000D\000o\000c\000u\000m\000e\000n\000t\000a\000t\000i\000o\000n}{section.5.22}% 145
\BOOKMARK [3][-]{subsubsection.5.22.2.1}{\376\377\0005\000.\0002\0002\000.\0002\000.\0001\000\040\000c\000l\000e\000a\000r\000\050\000\051}{subsection.5.22.2}% 146
\BOOKMARK [3][-]{subsubsection.5.22.2.2}{\376\377\0005\000.\0002\0002\000.\0002\000.\0002\000\040\000e\000m\000p\000l\000a\000c\000e\000\050\000\051}{subsection.5.22.2}% 147
\BOOKMARK [3][-]{subsubsection.5.22.2.3}{\376\377\0005\000.\0002\0002\000.\0002\000.\0003\000\040\000e\000m\000p\000l\000a\000c\000e\000\137\000r\000e\000n\000d\000e\000r\000b\000u\000f\000f\000e\000r\000\050\000\051}{subsection.5.22.2}% 148
\BOOKMARK [3][-]{subsubsection.5.22.2.4}{\376\377\0005\000.\0002\0002\000.\0002\000.\0004\000\040\000e\000m\000p\000l\000a\000c\000e\000\137\000t\000e\000x\000t\000u\000r\000e\000\050\000\051}{subsection.5.22.2}% 149
\BOOKMARK [3][-]{subsubsection.5.22.2.5}{\376\377\0005\000.\0002\0002\000.\0002\000.\0005\000\040\000g\000e\000t\000\137\000a\000t\000t\000a\000c\000h\000m\000e\000n\000t\000s\000\050\000\051}{subsection.5.22.2}% 150
\BOOKMARK [3][-]{subsubsection.5.22.2.6}{\376\377\0005\000.\0002\0002\000.\0002\000.\0006\000\040\000h\000a\000s\000\137\000c\000o\000l\000o\000u\000r\000\050\000\051}{subsection.5.22.2}% 151
\BOOKMARK [3][-]{subsubsection.5.22.2.7}{\376\377\0005\000.\0002\0002\000.\0002\000.\0007\000\040\000h\000a\000s\000\137\000d\000e\000p\000t\000h\000\050\000\051}{subsection.5.22.2}% 152
\BOOKMARK [3][-]{subsubsection.5.22.2.8}{\376\377\0005\000.\0002\0002\000.\0002\000.\0008\000\040\000h\000a\000s\000\137\000s\000t\000e\000n\000c\000i\000l\000\050\000\051}{subsection.5.22.2}% 153
\BOOKMARK [3][-]{subsubsection.5.22.2.9}{\376\377\0005\000.\0002\0002\000.\0002\000.\0009\000\040\000s\000e\000t\000\137\000o\000u\000t\000p\000u\000t\000\137\000a\000t\000t\000a\000c\000h\000m\000e\000n\000t\000\050\000\051}{subsection.5.22.2}% 154
\BOOKMARK [3][-]{subsubsection.5.22.2.10}{\376\377\0005\000.\0002\0002\000.\0002\000.\0001\0000\000\040\000s\000e\000t\000\137\000r\000e\000n\000d\000e\000r\000\137\000t\000a\000r\000g\000e\000t\000\050\000\051}{subsection.5.22.2}% 155
\BOOKMARK [3][-]{subsubsection.5.22.2.11}{\376\377\0005\000.\0002\0002\000.\0002\000.\0001\0001\000\040\000v\000a\000l\000i\000d\000\050\000\051}{subsection.5.22.2}% 156
\BOOKMARK [1][-]{section.5.23}{\376\377\0005\000.\0002\0003\000\040\000F\000u\000n\000c\000t\000o\000r\000<\000\040\000F\000u\000n\000c\000t\000o\000r\000T\000\040\000>\000\040\000C\000l\000a\000s\000s\000\040\000T\000e\000m\000p\000l\000a\000t\000e\000\040\000R\000e\000f\000e\000r\000e\000n\000c\000e}{chapter.5}% 157
\BOOKMARK [2][-]{subsection.5.23.1}{\376\377\0005\000.\0002\0003\000.\0001\000\040\000D\000e\000t\000a\000i\000l\000e\000d\000\040\000D\000e\000s\000c\000r\000i\000p\000t\000i\000o\000n}{section.5.23}% 158
\BOOKMARK [1][-]{section.5.24}{\376\377\0005\000.\0002\0004\000\040\000G\000U\000I\000\040\000C\000l\000a\000s\000s\000\040\000R\000e\000f\000e\000r\000e\000n\000c\000e}{chapter.5}% 159
\BOOKMARK [2][-]{subsection.5.24.1}{\376\377\0005\000.\0002\0004\000.\0001\000\040\000D\000e\000t\000a\000i\000l\000e\000d\000\040\000D\000e\000s\000c\000r\000i\000p\000t\000i\000o\000n}{section.5.24}% 160
\BOOKMARK [1][-]{section.5.25}{\376\377\0005\000.\0002\0005\000\040\000t\000z\000:\000:\000g\000r\000a\000p\000h\000i\000c\000s\000:\000:\000m\000o\000d\000e\000l\000:\000:\000I\000n\000d\000e\000x\000e\000d\000M\000o\000d\000e\000l\000\040\000C\000l\000a\000s\000s\000\040\000R\000e\000f\000e\000r\000e\000n\000c\000e}{chapter.5}% 161
\BOOKMARK [1][-]{section.5.26}{\376\377\0005\000.\0002\0006\000\040\000I\000n\000s\000t\000a\000n\000c\000e\000d\000M\000e\000s\000h\000\040\000C\000l\000a\000s\000s\000\040\000R\000e\000f\000e\000r\000e\000n\000c\000e}{chapter.5}% 162
\BOOKMARK [2][-]{subsection.5.26.1}{\376\377\0005\000.\0002\0006\000.\0001\000\040\000D\000e\000t\000a\000i\000l\000e\000d\000\040\000D\000e\000s\000c\000r\000i\000p\000t\000i\000o\000n}{section.5.26}% 163
\BOOKMARK [1][-]{section.5.27}{\376\377\0005\000.\0002\0007\000\040\000K\000e\000y\000L\000i\000s\000t\000e\000n\000e\000r\000\040\000C\000l\000a\000s\000s\000\040\000R\000e\000f\000e\000r\000e\000n\000c\000e}{chapter.5}% 164
\BOOKMARK [2][-]{subsection.5.27.1}{\376\377\0005\000.\0002\0007\000.\0001\000\040\000D\000e\000t\000a\000i\000l\000e\000d\000\040\000D\000e\000s\000c\000r\000i\000p\000t\000i\000o\000n}{section.5.27}% 165
\BOOKMARK [1][-]{section.5.28}{\376\377\0005\000.\0002\0008\000\040\000L\000i\000s\000t\000e\000n\000e\000r\000\040\000C\000l\000a\000s\000s\000\040\000R\000e\000f\000e\000r\000e\000n\000c\000e}{chapter.5}% 166
\BOOKMARK [2][-]{subsection.5.28.1}{\376\377\0005\000.\0002\0008\000.\0001\000\040\000D\000e\000t\000a\000i\000l\000e\000d\000\040\000D\000e\000s\000c\000r\000i\000p\000t\000i\000o\000n}{section.5.28}% 167
\BOOKMARK [1][-]{section.5.29}{\376\377\0005\000.\0002\0009\000\040\000t\000z\000:\000:\000d\000a\000t\000a\000:\000:\000M\000a\000n\000a\000g\000e\000r\000\040\000C\000l\000a\000s\000s\000\040\000R\000e\000f\000e\000r\000e\000n\000c\000e}{chapter.5}% 168
\BOOKMARK [2][-]{subsection.5.29.1}{\376\377\0005\000.\0002\0009\000.\0001\000\040\000D\000e\000t\000a\000i\000l\000e\000d\000\040\000D\000e\000s\000c\000r\000i\000p\000t\000i\000o\000n}{section.5.29}% 169
\BOOKMARK [1][-]{section.5.30}{\376\377\0005\000.\0003\0000\000\040\000M\000a\000t\000e\000r\000i\000a\000l\000\040\000C\000l\000a\000s\000s\000\040\000R\000e\000f\000e\000r\000e\000n\000c\000e}{chapter.5}% 170
\BOOKMARK [2][-]{subsection.5.30.1}{\376\377\0005\000.\0003\0000\000.\0001\000\040\000D\000e\000t\000a\000i\000l\000e\000d\000\040\000D\000e\000s\000c\000r\000i\000p\000t\000i\000o\000n}{section.5.30}% 171
\BOOKMARK [2][-]{subsection.5.30.2}{\376\377\0005\000.\0003\0000\000.\0002\000\040\000M\000e\000m\000b\000e\000r\000\040\000F\000u\000n\000c\000t\000i\000o\000n\000\040\000D\000o\000c\000u\000m\000e\000n\000t\000a\000t\000i\000o\000n}{section.5.30}% 172
\BOOKMARK [3][-]{subsubsection.5.30.2.1}{\376\377\0005\000.\0003\0000\000.\0002\000.\0001\000\040\000h\000a\000s\000\137\000t\000e\000x\000t\000u\000r\000e\000\050\000\051}{subsection.5.30.2}% 173
\BOOKMARK [1][-]{section.5.31}{\376\377\0005\000.\0003\0001\000\040\000M\000a\000t\000r\000i\000x\0002\000x\0002\000\040\000C\000l\000a\000s\000s\000\040\000R\000e\000f\000e\000r\000e\000n\000c\000e}{chapter.5}% 174
\BOOKMARK [2][-]{subsection.5.31.1}{\376\377\0005\000.\0003\0001\000.\0001\000\040\000D\000e\000t\000a\000i\000l\000e\000d\000\040\000D\000e\000s\000c\000r\000i\000p\000t\000i\000o\000n}{section.5.31}% 175
\BOOKMARK [1][-]{section.5.32}{\376\377\0005\000.\0003\0002\000\040\000M\000a\000t\000r\000i\000x\0003\000x\0003\000\040\000C\000l\000a\000s\000s\000\040\000R\000e\000f\000e\000r\000e\000n\000c\000e}{chapter.5}% 176
\BOOKMARK [2][-]{subsection.5.32.1}{\376\377\0005\000.\0003\0002\000.\0001\000\040\000D\000e\000t\000a\000i\000l\000e\000d\000\040\000D\000e\000s\000c\000r\000i\000p\000t\000i\000o\000n}{section.5.32}% 177
\BOOKMARK [1][-]{section.5.33}{\376\377\0005\000.\0003\0003\000\040\000M\000a\000t\000r\000i\000x\0004\000x\0004\000\040\000C\000l\000a\000s\000s\000\040\000R\000e\000f\000e\000r\000e\000n\000c\000e}{chapter.5}% 178
\BOOKMARK [2][-]{subsection.5.33.1}{\376\377\0005\000.\0003\0003\000.\0001\000\040\000D\000e\000t\000a\000i\000l\000e\000d\000\040\000D\000e\000s\000c\000r\000i\000p\000t\000i\000o\000n}{section.5.33}% 179
\BOOKMARK [1][-]{section.5.34}{\376\377\0005\000.\0003\0004\000\040\000M\000e\000s\000h\000\040\000C\000l\000a\000s\000s\000\040\000R\000e\000f\000e\000r\000e\000n\000c\000e}{chapter.5}% 180
\BOOKMARK [2][-]{subsection.5.34.1}{\376\377\0005\000.\0003\0004\000.\0001\000\040\000D\000e\000t\000a\000i\000l\000e\000d\000\040\000D\000e\000s\000c\000r\000i\000p\000t\000i\000o\000n}{section.5.34}% 181
\BOOKMARK [1][-]{section.5.35}{\376\377\0005\000.\0003\0005\000\040\000M\000o\000u\000s\000e\000L\000i\000s\000t\000e\000n\000e\000r\000\040\000C\000l\000a\000s\000s\000\040\000R\000e\000f\000e\000r\000e\000n\000c\000e}{chapter.5}% 182
\BOOKMARK [2][-]{subsection.5.35.1}{\376\377\0005\000.\0003\0005\000.\0001\000\040\000D\000e\000t\000a\000i\000l\000e\000d\000\040\000D\000e\000s\000c\000r\000i\000p\000t\000i\000o\000n}{section.5.35}% 183
\BOOKMARK [1][-]{section.5.36}{\376\377\0005\000.\0003\0006\000\040\000N\000o\000r\000m\000a\000l\000M\000a\000p\000\040\000C\000l\000a\000s\000s\000\040\000R\000e\000f\000e\000r\000e\000n\000c\000e}{chapter.5}% 184
\BOOKMARK [1][-]{section.5.37}{\376\377\0005\000.\0003\0007\000\040\000O\000b\000j\000e\000c\000t\000\040\000C\000l\000a\000s\000s\000\040\000R\000e\000f\000e\000r\000e\000n\000c\000e}{chapter.5}% 185
\BOOKMARK [2][-]{subsection.5.37.1}{\376\377\0005\000.\0003\0007\000.\0001\000\040\000D\000e\000t\000a\000i\000l\000e\000d\000\040\000D\000e\000s\000c\000r\000i\000p\000t\000i\000o\000n}{section.5.37}% 186
\BOOKMARK [2][-]{subsection.5.37.2}{\376\377\0005\000.\0003\0007\000.\0002\000\040\000M\000e\000m\000b\000e\000r\000\040\000F\000u\000n\000c\000t\000i\000o\000n\000\040\000D\000o\000c\000u\000m\000e\000n\000t\000a\000t\000i\000o\000n}{section.5.37}% 187
\BOOKMARK [3][-]{subsubsection.5.37.2.1}{\376\377\0005\000.\0003\0007\000.\0002\000.\0001\000\040\000r\000e\000n\000d\000e\000r\000\050\000\051}{subsection.5.37.2}% 188
\BOOKMARK [1][-]{section.5.38}{\376\377\0005\000.\0003\0008\000\040\000O\000b\000j\000e\000c\000t\0002\000D\000\040\000C\000l\000a\000s\000s\000\040\000R\000e\000f\000e\000r\000e\000n\000c\000e}{chapter.5}% 189
\BOOKMARK [2][-]{subsection.5.38.1}{\376\377\0005\000.\0003\0008\000.\0001\000\040\000D\000e\000t\000a\000i\000l\000e\000d\000\040\000D\000e\000s\000c\000r\000i\000p\000t\000i\000o\000n}{section.5.38}% 190
\BOOKMARK [1][-]{section.5.39}{\376\377\0005\000.\0003\0009\000\040\000t\000z\000:\000:\000g\000r\000a\000p\000h\000i\000c\000s\000:\000:\000m\000o\000d\000e\000l\000:\000:\000O\000B\000J\000I\000n\000d\000e\000x\000\040\000C\000l\000a\000s\000s\000\040\000R\000e\000f\000e\000r\000e\000n\000c\000e}{chapter.5}% 191
\BOOKMARK [1][-]{section.5.40}{\376\377\0005\000.\0004\0000\000\040\000t\000z\000:\000:\000g\000r\000a\000p\000h\000i\000c\000s\000:\000:\000m\000o\000d\000e\000l\000:\000:\000O\000B\000J\000M\000o\000d\000e\000l\000\040\000C\000l\000a\000s\000s\000\040\000R\000e\000f\000e\000r\000e\000n\000c\000e}{chapter.5}% 192
\BOOKMARK [1][-]{section.5.41}{\376\377\0005\000.\0004\0001\000\040\000P\000a\000n\000e\000l\000\040\000C\000l\000a\000s\000s\000\040\000R\000e\000f\000e\000r\000e\000n\000c\000e}{chapter.5}% 193
\BOOKMARK [2][-]{subsection.5.41.1}{\376\377\0005\000.\0004\0001\000.\0001\000\040\000D\000e\000t\000a\000i\000l\000e\000d\000\040\000D\000e\000s\000c\000r\000i\000p\000t\000i\000o\000n}{section.5.41}% 194
\BOOKMARK [1][-]{section.5.42}{\376\377\0005\000.\0004\0002\000\040\000P\000a\000r\000a\000l\000l\000a\000x\000M\000a\000p\000\040\000C\000l\000a\000s\000s\000\040\000R\000e\000f\000e\000r\000e\000n\000c\000e}{chapter.5}% 195
\BOOKMARK [1][-]{section.5.43}{\376\377\0005\000.\0004\0003\000\040\000P\000i\000x\000e\000l\000R\000G\000B\000A\000\040\000C\000l\000a\000s\000s\000\040\000R\000e\000f\000e\000r\000e\000n\000c\000e}{chapter.5}% 196
\BOOKMARK [2][-]{subsection.5.43.1}{\376\377\0005\000.\0004\0003\000.\0001\000\040\000D\000e\000t\000a\000i\000l\000e\000d\000\040\000D\000e\000s\000c\000r\000i\000p\000t\000i\000o\000n}{section.5.43}% 197
\BOOKMARK [1][-]{section.5.44}{\376\377\0005\000.\0004\0004\000\040\000Q\000u\000a\000t\000e\000r\000n\000i\000o\000n\000\040\000C\000l\000a\000s\000s\000\040\000R\000e\000f\000e\000r\000e\000n\000c\000e}{chapter.5}% 198
\BOOKMARK [2][-]{subsection.5.44.1}{\376\377\0005\000.\0004\0004\000.\0001\000\040\000D\000e\000t\000a\000i\000l\000e\000d\000\040\000D\000e\000s\000c\000r\000i\000p\000t\000i\000o\000n}{section.5.44}% 199
\BOOKMARK [2][-]{subsection.5.44.2}{\376\377\0005\000.\0004\0004\000.\0002\000\040\000C\000o\000n\000s\000t\000r\000u\000c\000t\000o\000r\000\040\000\046\000\040\000D\000e\000s\000t\000r\000u\000c\000t\000o\000r\000\040\000D\000o\000c\000u\000m\000e\000n\000t\000a\000t\000i\000o\000n}{section.5.44}% 200
\BOOKMARK [3][-]{subsubsection.5.44.2.1}{\376\377\0005\000.\0004\0004\000.\0002\000.\0001\000\040\000Q\000u\000a\000t\000e\000r\000n\000i\000o\000n\000\050\000\051\000\040\000[\0001\000/\0003\000]}{subsection.5.44.2}% 201
\BOOKMARK [3][-]{subsubsection.5.44.2.2}{\376\377\0005\000.\0004\0004\000.\0002\000.\0002\000\040\000Q\000u\000a\000t\000e\000r\000n\000i\000o\000n\000\050\000\051\000\040\000[\0002\000/\0003\000]}{subsection.5.44.2}% 202
\BOOKMARK [3][-]{subsubsection.5.44.2.3}{\376\377\0005\000.\0004\0004\000.\0002\000.\0003\000\040\000Q\000u\000a\000t\000e\000r\000n\000i\000o\000n\000\050\000\051\000\040\000[\0003\000/\0003\000]}{subsection.5.44.2}% 203
\BOOKMARK [2][-]{subsection.5.44.3}{\376\377\0005\000.\0004\0004\000.\0003\000\040\000M\000e\000m\000b\000e\000r\000\040\000F\000u\000n\000c\000t\000i\000o\000n\000\040\000D\000o\000c\000u\000m\000e\000n\000t\000a\000t\000i\000o\000n}{section.5.44}% 204
\BOOKMARK [3][-]{subsubsection.5.44.3.1}{\376\377\0005\000.\0004\0004\000.\0003\000.\0001\000\040\000i\000n\000v\000e\000r\000s\000e\000\050\000\051}{subsection.5.44.3}% 205
\BOOKMARK [3][-]{subsubsection.5.44.3.2}{\376\377\0005\000.\0004\0004\000.\0003\000.\0002\000\040\000o\000p\000e\000r\000a\000t\000o\000r\000\040\000M\000a\000t\000r\000i\000x\0004\000x\0004\000\050\000\051}{subsection.5.44.3}% 206
\BOOKMARK [3][-]{subsubsection.5.44.3.3}{\376\377\0005\000.\0004\0004\000.\0003\000.\0003\000\040\000o\000p\000e\000r\000a\000t\000o\000r\000\050\000\051\000\050\000\051}{subsection.5.44.3}% 207
\BOOKMARK [3][-]{subsubsection.5.44.3.4}{\376\377\0005\000.\0004\0004\000.\0003\000.\0004\000\040\000o\000p\000e\000r\000a\000t\000o\000r\000*\000\050\000\051\000\040\000[\0001\000/\0002\000]}{subsection.5.44.3}% 208
\BOOKMARK [3][-]{subsubsection.5.44.3.5}{\376\377\0005\000.\0004\0004\000.\0003\000.\0005\000\040\000o\000p\000e\000r\000a\000t\000o\000r\000*\000\050\000\051\000\040\000[\0002\000/\0002\000]}{subsection.5.44.3}% 209
\BOOKMARK [3][-]{subsubsection.5.44.3.6}{\376\377\0005\000.\0004\0004\000.\0003\000.\0006\000\040\000o\000p\000e\000r\000a\000t\000o\000r\000-\000\050\000\051}{subsection.5.44.3}% 210
\BOOKMARK [3][-]{subsubsection.5.44.3.7}{\376\377\0005\000.\0004\0004\000.\0003\000.\0007\000\040\000t\000o\000\137\000m\000a\000t\000r\000i\000x\000\050\000\051}{subsection.5.44.3}% 211
\BOOKMARK [1][-]{section.5.45}{\376\377\0005\000.\0004\0005\000\040\000R\000a\000n\000d\000o\000m\000<\000\040\000E\000n\000g\000i\000n\000e\000,\000\040\000E\000n\000g\000i\000n\000e\000R\000e\000s\000u\000l\000t\000T\000y\000p\000e\000\040\000>\000\040\000C\000l\000a\000s\000s\000\040\000T\000e\000m\000p\000l\000a\000t\000e\000\040\000R\000e\000f\000e\000r\000e\000n\000c\000e}{chapter.5}% 212
\BOOKMARK [2][-]{subsection.5.45.1}{\376\377\0005\000.\0004\0005\000.\0001\000\040\000D\000e\000t\000a\000i\000l\000e\000d\000\040\000D\000e\000s\000c\000r\000i\000p\000t\000i\000o\000n}{section.5.45}% 213
\BOOKMARK [1][-]{section.5.46}{\376\377\0005\000.\0004\0006\000\040\000R\000e\000n\000d\000e\000r\000B\000u\000f\000f\000e\000r\000\040\000C\000l\000a\000s\000s\000\040\000R\000e\000f\000e\000r\000e\000n\000c\000e}{chapter.5}% 214
\BOOKMARK [2][-]{subsection.5.46.1}{\376\377\0005\000.\0004\0006\000.\0001\000\040\000D\000e\000t\000a\000i\000l\000e\000d\000\040\000D\000e\000s\000c\000r\000i\000p\000t\000i\000o\000n}{section.5.46}% 215
\BOOKMARK [2][-]{subsection.5.46.2}{\376\377\0005\000.\0004\0006\000.\0002\000\040\000C\000o\000n\000s\000t\000r\000u\000c\000t\000o\000r\000\040\000\046\000\040\000D\000e\000s\000t\000r\000u\000c\000t\000o\000r\000\040\000D\000o\000c\000u\000m\000e\000n\000t\000a\000t\000i\000o\000n}{section.5.46}% 216
\BOOKMARK [3][-]{subsubsection.5.46.2.1}{\376\377\0005\000.\0004\0006\000.\0002\000.\0001\000\040\000R\000e\000n\000d\000e\000r\000B\000u\000f\000f\000e\000r\000\050\000\051}{subsection.5.46.2}% 217
\BOOKMARK [2][-]{subsection.5.46.3}{\376\377\0005\000.\0004\0006\000.\0003\000\040\000M\000e\000m\000b\000e\000r\000\040\000F\000u\000n\000c\000t\000i\000o\000n\000\040\000D\000o\000c\000u\000m\000e\000n\000t\000a\000t\000i\000o\000n}{section.5.46}% 218
\BOOKMARK [3][-]{subsubsection.5.46.3.1}{\376\377\0005\000.\0004\0006\000.\0003\000.\0001\000\040\000o\000p\000e\000r\000a\000t\000o\000r\000=\000\050\000\051}{subsection.5.46.3}% 219
\BOOKMARK [1][-]{section.5.47}{\376\377\0005\000.\0004\0007\000\040\000S\000c\000e\000n\000e\000\040\000C\000l\000a\000s\000s\000\040\000R\000e\000f\000e\000r\000e\000n\000c\000e}{chapter.5}% 220
\BOOKMARK [2][-]{subsection.5.47.1}{\376\377\0005\000.\0004\0007\000.\0001\000\040\000D\000e\000t\000a\000i\000l\000e\000d\000\040\000D\000e\000s\000c\000r\000i\000p\000t\000i\000o\000n}{section.5.47}% 221
\BOOKMARK [2][-]{subsection.5.47.2}{\376\377\0005\000.\0004\0007\000.\0002\000\040\000C\000o\000n\000s\000t\000r\000u\000c\000t\000o\000r\000\040\000\046\000\040\000D\000e\000s\000t\000r\000u\000c\000t\000o\000r\000\040\000D\000o\000c\000u\000m\000e\000n\000t\000a\000t\000i\000o\000n}{section.5.47}% 222
\BOOKMARK [3][-]{subsubsection.5.47.2.1}{\376\377\0005\000.\0004\0007\000.\0002\000.\0001\000\040\000S\000c\000e\000n\000e\000\050\000\051\000\040\000[\0001\000/\0002\000]}{subsection.5.47.2}% 223
\BOOKMARK [3][-]{subsubsection.5.47.2.2}{\376\377\0005\000.\0004\0007\000.\0002\000.\0002\000\040\000S\000c\000e\000n\000e\000\050\000\051\000\040\000[\0002\000/\0002\000]}{subsection.5.47.2}% 224
\BOOKMARK [2][-]{subsection.5.47.3}{\376\377\0005\000.\0004\0007\000.\0003\000\040\000M\000e\000m\000b\000e\000r\000\040\000F\000u\000n\000c\000t\000i\000o\000n\000\040\000D\000o\000c\000u\000m\000e\000n\000t\000a\000t\000i\000o\000n}{section.5.47}% 225
\BOOKMARK [3][-]{subsubsection.5.47.3.1}{\376\377\0005\000.\0004\0007\000.\0003\000.\0001\000\040\000e\000m\000p\000l\000a\000c\000e\000\050\000\051}{subsection.5.47.3}% 226
\BOOKMARK [3][-]{subsubsection.5.47.3.2}{\376\377\0005\000.\0004\0007\000.\0003\000.\0002\000\040\000e\000m\000p\000l\000a\000c\000e\000\137\000e\000n\000t\000i\000t\000y\000\050\000\051}{subsection.5.47.3}% 227
\BOOKMARK [3][-]{subsubsection.5.47.3.3}{\376\377\0005\000.\0004\0007\000.\0003\000.\0003\000\040\000e\000m\000p\000l\000a\000c\000e\000\137\000e\000n\000t\000i\000t\000y\000\137\000o\000b\000j\000e\000c\000t\000\050\000\051}{subsection.5.47.3}% 228
\BOOKMARK [3][-]{subsubsection.5.47.3.4}{\376\377\0005\000.\0004\0007\000.\0003\000.\0004\000\040\000e\000m\000p\000l\000a\000c\000e\000\137\000o\000b\000j\000e\000c\000t\000\050\000\051}{subsection.5.47.3}% 229
\BOOKMARK [3][-]{subsubsection.5.47.3.5}{\376\377\0005\000.\0004\0007\000.\0003\000.\0005\000\040\000e\000x\000p\000o\000r\000t\000\137\000s\000c\000e\000n\000e\000\050\000\051}{subsection.5.47.3}% 230
\BOOKMARK [3][-]{subsubsection.5.47.3.6}{\376\377\0005\000.\0004\0007\000.\0003\000.\0006\000\040\000g\000e\000t\000\137\000e\000n\000t\000i\000t\000i\000e\000s\000\050\000\051}{subsection.5.47.3}% 231
\BOOKMARK [3][-]{subsubsection.5.47.3.7}{\376\377\0005\000.\0004\0007\000.\0003\000.\0007\000\040\000g\000e\000t\000\137\000e\000n\000t\000i\000t\000y\000\137\000o\000b\000j\000e\000c\000t\000s\000\050\000\051}{subsection.5.47.3}% 232
\BOOKMARK [3][-]{subsubsection.5.47.3.8}{\376\377\0005\000.\0004\0007\000.\0003\000.\0008\000\040\000g\000e\000t\000\137\000f\000i\000l\000e\000\137\000n\000a\000m\000e\000\050\000\051}{subsection.5.47.3}% 233
\BOOKMARK [3][-]{subsubsection.5.47.3.9}{\376\377\0005\000.\0004\0007\000.\0003\000.\0009\000\040\000g\000e\000t\000\137\000o\000b\000j\000e\000c\000t\000s\000\050\000\051}{subsection.5.47.3}% 234
\BOOKMARK [3][-]{subsubsection.5.47.3.10}{\376\377\0005\000.\0004\0007\000.\0003\000.\0001\0000\000\040\000g\000e\000t\000\137\000s\000i\000z\000e\000\050\000\051}{subsection.5.47.3}% 235
\BOOKMARK [3][-]{subsubsection.5.47.3.11}{\376\377\0005\000.\0004\0007\000.\0003\000.\0001\0001\000\040\000h\000a\000s\000\137\000f\000i\000l\000e\000\137\000n\000a\000m\000e\000\050\000\051}{subsection.5.47.3}% 236
\BOOKMARK [3][-]{subsubsection.5.47.3.12}{\376\377\0005\000.\0004\0007\000.\0003\000.\0001\0002\000\040\000r\000e\000m\000o\000v\000e\000\137\000e\000n\000t\000i\000t\000y\000\050\000\051}{subsection.5.47.3}% 237
\BOOKMARK [3][-]{subsubsection.5.47.3.13}{\376\377\0005\000.\0004\0007\000.\0003\000.\0001\0003\000\040\000r\000e\000m\000o\000v\000e\000\137\000e\000n\000t\000i\000t\000y\000\137\000o\000b\000j\000e\000c\000t\000\050\000\051}{subsection.5.47.3}% 238
\BOOKMARK [3][-]{subsubsection.5.47.3.14}{\376\377\0005\000.\0004\0007\000.\0003\000.\0001\0004\000\040\000r\000e\000m\000o\000v\000e\000\137\000o\000b\000j\000e\000c\000t\000\050\000\051}{subsection.5.47.3}% 239
\BOOKMARK [3][-]{subsubsection.5.47.3.15}{\376\377\0005\000.\0004\0007\000.\0003\000.\0001\0005\000\040\000r\000e\000n\000d\000e\000r\000\050\000\051}{subsection.5.47.3}% 240
\BOOKMARK [3][-]{subsubsection.5.47.3.16}{\376\377\0005\000.\0004\0007\000.\0003\000.\0001\0006\000\040\000s\000a\000v\000e\000\050\000\051}{subsection.5.47.3}% 241
\BOOKMARK [3][-]{subsubsection.5.47.3.17}{\376\377\0005\000.\0004\0007\000.\0003\000.\0001\0007\000\040\000u\000p\000d\000a\000t\000e\000\050\000\051}{subsection.5.47.3}% 242
\BOOKMARK [1][-]{section.5.48}{\376\377\0005\000.\0004\0008\000\040\000S\000h\000a\000d\000e\000r\000\040\000C\000l\000a\000s\000s\000\040\000R\000e\000f\000e\000r\000e\000n\000c\000e}{chapter.5}% 243
\BOOKMARK [2][-]{subsection.5.48.1}{\376\377\0005\000.\0004\0008\000.\0001\000\040\000D\000e\000t\000a\000i\000l\000e\000d\000\040\000D\000e\000s\000c\000r\000i\000p\000t\000i\000o\000n}{section.5.48}% 244
\BOOKMARK [2][-]{subsection.5.48.2}{\376\377\0005\000.\0004\0008\000.\0002\000\040\000C\000o\000n\000s\000t\000r\000u\000c\000t\000o\000r\000\040\000\046\000\040\000D\000e\000s\000t\000r\000u\000c\000t\000o\000r\000\040\000D\000o\000c\000u\000m\000e\000n\000t\000a\000t\000i\000o\000n}{section.5.48}% 245
\BOOKMARK [3][-]{subsubsection.5.48.2.1}{\376\377\0005\000.\0004\0008\000.\0002\000.\0001\000\040\000S\000h\000a\000d\000e\000r\000\050\000\051\000\040\000[\0001\000/\0002\000]}{subsection.5.48.2}% 246
\BOOKMARK [3][-]{subsubsection.5.48.2.2}{\376\377\0005\000.\0004\0008\000.\0002\000.\0002\000\040\000S\000h\000a\000d\000e\000r\000\050\000\051\000\040\000[\0002\000/\0002\000]}{subsection.5.48.2}% 247
\BOOKMARK [2][-]{subsection.5.48.3}{\376\377\0005\000.\0004\0008\000.\0003\000\040\000M\000e\000m\000b\000e\000r\000\040\000F\000u\000n\000c\000t\000i\000o\000n\000\040\000D\000o\000c\000u\000m\000e\000n\000t\000a\000t\000i\000o\000n}{section.5.48}% 248
\BOOKMARK [3][-]{subsubsection.5.48.3.1}{\376\377\0005\000.\0004\0008\000.\0003\000.\0001\000\040\000o\000p\000e\000r\000a\000t\000o\000r\000=\000\050\000\051}{subsection.5.48.3}% 249
\BOOKMARK [3][-]{subsubsection.5.48.3.2}{\376\377\0005\000.\0004\0008\000.\0003\000.\0002\000\040\000r\000e\000a\000d\000y\000\050\000\051}{subsection.5.48.3}% 250
\BOOKMARK [1][-]{section.5.49}{\376\377\0005\000.\0004\0009\000\040\000S\000k\000y\000b\000o\000x\000\040\000C\000l\000a\000s\000s\000\040\000R\000e\000f\000e\000r\000e\000n\000c\000e}{chapter.5}% 251
\BOOKMARK [2][-]{subsection.5.49.1}{\376\377\0005\000.\0004\0009\000.\0001\000\040\000D\000e\000t\000a\000i\000l\000e\000d\000\040\000D\000e\000s\000c\000r\000i\000p\000t\000i\000o\000n}{section.5.49}% 252
\BOOKMARK [1][-]{section.5.50}{\376\377\0005\000.\0005\0000\000\040\000S\000l\000i\000d\000e\000r\000\040\000C\000l\000a\000s\000s\000\040\000R\000e\000f\000e\000r\000e\000n\000c\000e}{chapter.5}% 253
\BOOKMARK [2][-]{subsection.5.50.1}{\376\377\0005\000.\0005\0000\000.\0001\000\040\000D\000e\000t\000a\000i\000l\000e\000d\000\040\000D\000e\000s\000c\000r\000i\000p\000t\000i\000o\000n}{section.5.50}% 254
\BOOKMARK [1][-]{section.5.51}{\376\377\0005\000.\0005\0001\000\040\000S\000p\000r\000i\000t\000e\000\040\000C\000l\000a\000s\000s\000\040\000R\000e\000f\000e\000r\000e\000n\000c\000e}{chapter.5}% 255
\BOOKMARK [2][-]{subsection.5.51.1}{\376\377\0005\000.\0005\0001\000.\0001\000\040\000D\000e\000t\000a\000i\000l\000e\000d\000\040\000D\000e\000s\000c\000r\000i\000p\000t\000i\000o\000n}{section.5.51}% 256
\BOOKMARK [1][-]{section.5.52}{\376\377\0005\000.\0005\0002\000\040\000S\000t\000a\000t\000i\000c\000F\000u\000n\000c\000t\000o\000r\000<\000\040\000F\000u\000n\000c\000t\000o\000r\000,\000\040\000F\000u\000n\000c\000t\000o\000r\000P\000a\000r\000a\000m\000e\000t\000e\000r\000s\000\040\000>\000\040\000C\000l\000a\000s\000s\000\040\000T\000e\000m\000p\000l\000a\000t\000e\000\040\000R\000e\000f\000e\000r\000e\000n\000c\000e}{chapter.5}% 257
\BOOKMARK [2][-]{subsection.5.52.1}{\376\377\0005\000.\0005\0002\000.\0001\000\040\000D\000e\000t\000a\000i\000l\000e\000d\000\040\000D\000e\000s\000c\000r\000i\000p\000t\000i\000o\000n}{section.5.52}% 258
\BOOKMARK [1][-]{section.5.53}{\376\377\0005\000.\0005\0003\000\040\000s\000t\000b\000i\000\137\000i\000o\000\137\000c\000a\000l\000l\000b\000a\000c\000k\000s\000\040\000S\000t\000r\000u\000c\000t\000\040\000R\000e\000f\000e\000r\000e\000n\000c\000e}{chapter.5}% 259
\BOOKMARK [1][-]{section.5.54}{\376\377\0005\000.\0005\0004\000\040\000T\000e\000x\000t\000L\000a\000b\000e\000l\000\040\000C\000l\000a\000s\000s\000\040\000R\000e\000f\000e\000r\000e\000n\000c\000e}{chapter.5}% 260
\BOOKMARK [2][-]{subsection.5.54.1}{\376\377\0005\000.\0005\0004\000.\0001\000\040\000D\000e\000t\000a\000i\000l\000e\000d\000\040\000D\000e\000s\000c\000r\000i\000p\000t\000i\000o\000n}{section.5.54}% 261
\BOOKMARK [1][-]{section.5.55}{\376\377\0005\000.\0005\0005\000\040\000T\000e\000x\000t\000u\000r\000e\000\040\000C\000l\000a\000s\000s\000\040\000R\000e\000f\000e\000r\000e\000n\000c\000e}{chapter.5}% 262
\BOOKMARK [2][-]{subsection.5.55.1}{\376\377\0005\000.\0005\0005\000.\0001\000\040\000D\000e\000t\000a\000i\000l\000e\000d\000\040\000D\000e\000s\000c\000r\000i\000p\000t\000i\000o\000n}{section.5.55}% 263
\BOOKMARK [2][-]{subsection.5.55.2}{\376\377\0005\000.\0005\0005\000.\0002\000\040\000C\000o\000n\000s\000t\000r\000u\000c\000t\000o\000r\000\040\000\046\000\040\000D\000e\000s\000t\000r\000u\000c\000t\000o\000r\000\040\000D\000o\000c\000u\000m\000e\000n\000t\000a\000t\000i\000o\000n}{section.5.55}% 264
\BOOKMARK [3][-]{subsubsection.5.55.2.1}{\376\377\0005\000.\0005\0005\000.\0002\000.\0001\000\040\000T\000e\000x\000t\000u\000r\000e\000\050\000\051\000\040\000[\0001\000/\0005\000]}{subsection.5.55.2}% 265
\BOOKMARK [3][-]{subsubsection.5.55.2.2}{\376\377\0005\000.\0005\0005\000.\0002\000.\0002\000\040\000T\000e\000x\000t\000u\000r\000e\000\050\000\051\000\040\000[\0002\000/\0005\000]}{subsection.5.55.2}% 266
\BOOKMARK [3][-]{subsubsection.5.55.2.3}{\376\377\0005\000.\0005\0005\000.\0002\000.\0003\000\040\000T\000e\000x\000t\000u\000r\000e\000\050\000\051\000\040\000[\0003\000/\0005\000]}{subsection.5.55.2}% 267
\BOOKMARK [3][-]{subsubsection.5.55.2.4}{\376\377\0005\000.\0005\0005\000.\0002\000.\0004\000\040\000T\000e\000x\000t\000u\000r\000e\000\050\000\051\000\040\000[\0004\000/\0005\000]}{subsection.5.55.2}% 268
\BOOKMARK [3][-]{subsubsection.5.55.2.5}{\376\377\0005\000.\0005\0005\000.\0002\000.\0005\000\040\000T\000e\000x\000t\000u\000r\000e\000\050\000\051\000\040\000[\0005\000/\0005\000]}{subsection.5.55.2}% 269
\BOOKMARK [1][-]{section.5.56}{\376\377\0005\000.\0005\0006\000\040\000T\000i\000m\000e\000P\000r\000o\000f\000i\000l\000e\000r\000\040\000C\000l\000a\000s\000s\000\040\000R\000e\000f\000e\000r\000e\000n\000c\000e}{chapter.5}% 270
\BOOKMARK [2][-]{subsection.5.56.1}{\376\377\0005\000.\0005\0006\000.\0001\000\040\000D\000e\000t\000a\000i\000l\000e\000d\000\040\000D\000e\000s\000c\000r\000i\000p\000t\000i\000o\000n}{section.5.56}% 271
\BOOKMARK [2][-]{subsection.5.56.2}{\376\377\0005\000.\0005\0006\000.\0002\000\040\000M\000e\000m\000b\000e\000r\000\040\000F\000u\000n\000c\000t\000i\000o\000n\000\040\000D\000o\000c\000u\000m\000e\000n\000t\000a\000t\000i\000o\000n}{section.5.56}% 272
\BOOKMARK [3][-]{subsubsection.5.56.2.1}{\376\377\0005\000.\0005\0006\000.\0002\000.\0001\000\040\000b\000e\000g\000i\000n\000\137\000f\000r\000a\000m\000e\000\050\000\051}{subsection.5.56.2}% 273
\BOOKMARK [3][-]{subsubsection.5.56.2.2}{\376\377\0005\000.\0005\0006\000.\0002\000.\0002\000\040\000e\000n\000d\000\137\000f\000r\000a\000m\000e\000\050\000\051}{subsection.5.56.2}% 274
\BOOKMARK [3][-]{subsubsection.5.56.2.3}{\376\377\0005\000.\0005\0006\000.\0002\000.\0003\000\040\000g\000e\000t\000\137\000d\000e\000l\000t\000a\000\137\000a\000v\000e\000r\000a\000g\000e\000\050\000\051}{subsection.5.56.2}% 275
\BOOKMARK [3][-]{subsubsection.5.56.2.4}{\376\377\0005\000.\0005\0006\000.\0002\000.\0004\000\040\000g\000e\000t\000\137\000f\000p\000s\000\050\000\051}{subsection.5.56.2}% 276
\BOOKMARK [3][-]{subsubsection.5.56.2.5}{\376\377\0005\000.\0005\0006\000.\0002\000.\0005\000\040\000g\000e\000t\000\137\000l\000a\000s\000t\000\137\000d\000e\000l\000t\000a\000\050\000\051}{subsection.5.56.2}% 277
\BOOKMARK [3][-]{subsubsection.5.56.2.6}{\376\377\0005\000.\0005\0006\000.\0002\000.\0006\000\040\000r\000e\000s\000e\000t\000\050\000\051}{subsection.5.56.2}% 278
\BOOKMARK [1][-]{section.5.57}{\376\377\0005\000.\0005\0007\000\040\000T\000i\000m\000e\000r\000\040\000C\000l\000a\000s\000s\000\040\000R\000e\000f\000e\000r\000e\000n\000c\000e}{chapter.5}% 279
\BOOKMARK [2][-]{subsection.5.57.1}{\376\377\0005\000.\0005\0007\000.\0001\000\040\000D\000e\000t\000a\000i\000l\000e\000d\000\040\000D\000e\000s\000c\000r\000i\000p\000t\000i\000o\000n}{section.5.57}% 280
\BOOKMARK [2][-]{subsection.5.57.2}{\376\377\0005\000.\0005\0007\000.\0002\000\040\000M\000e\000m\000b\000e\000r\000\040\000F\000u\000n\000c\000t\000i\000o\000n\000\040\000D\000o\000c\000u\000m\000e\000n\000t\000a\000t\000i\000o\000n}{section.5.57}% 281
\BOOKMARK [3][-]{subsubsection.5.57.2.1}{\376\377\0005\000.\0005\0007\000.\0002\000.\0001\000\040\000g\000e\000t\000\137\000r\000a\000n\000g\000e\000\050\000\051}{subsection.5.57.2}% 282
\BOOKMARK [3][-]{subsubsection.5.57.2.2}{\376\377\0005\000.\0005\0007\000.\0002\000.\0002\000\040\000m\000i\000l\000l\000i\000s\000\137\000p\000a\000s\000s\000e\000d\000\050\000\051}{subsection.5.57.2}% 283
\BOOKMARK [3][-]{subsubsection.5.57.2.3}{\376\377\0005\000.\0005\0007\000.\0002\000.\0003\000\040\000u\000p\000d\000a\000t\000e\000\050\000\051}{subsection.5.57.2}% 284
\BOOKMARK [1][-]{section.5.58}{\376\377\0005\000.\0005\0008\000\040\000T\000r\000i\000v\000i\000a\000l\000C\000o\000m\000m\000a\000n\000d\000\040\000C\000l\000a\000s\000s\000\040\000R\000e\000f\000e\000r\000e\000n\000c\000e}{chapter.5}% 285
\BOOKMARK [2][-]{subsection.5.58.1}{\376\377\0005\000.\0005\0008\000.\0001\000\040\000D\000e\000t\000a\000i\000l\000e\000d\000\040\000D\000e\000s\000c\000r\000i\000p\000t\000i\000o\000n}{section.5.58}% 286
\BOOKMARK [1][-]{section.5.59}{\376\377\0005\000.\0005\0009\000\040\000T\000r\000i\000v\000i\000a\000l\000F\000u\000n\000c\000t\000o\000r\000<\000\040\000F\000u\000n\000c\000t\000o\000r\000\040\000>\000\040\000C\000l\000a\000s\000s\000\040\000T\000e\000m\000p\000l\000a\000t\000e\000\040\000R\000e\000f\000e\000r\000e\000n\000c\000e}{chapter.5}% 287
\BOOKMARK [2][-]{subsection.5.59.1}{\376\377\0005\000.\0005\0009\000.\0001\000\040\000D\000e\000t\000a\000i\000l\000e\000d\000\040\000D\000e\000s\000c\000r\000i\000p\000t\000i\000o\000n}{section.5.59}% 288
\BOOKMARK [1][-]{section.5.60}{\376\377\0005\000.\0006\0000\000\040\000U\000n\000i\000f\000o\000r\000m\000<\000\040\000T\000\040\000>\000\040\000C\000l\000a\000s\000s\000\040\000T\000e\000m\000p\000l\000a\000t\000e\000\040\000R\000e\000f\000e\000r\000e\000n\000c\000e}{chapter.5}% 289
\BOOKMARK [2][-]{subsection.5.60.1}{\376\377\0005\000.\0006\0000\000.\0001\000\040\000D\000e\000t\000a\000i\000l\000e\000d\000\040\000D\000e\000s\000c\000r\000i\000p\000t\000i\000o\000n}{section.5.60}% 290
\BOOKMARK [1][-]{section.5.61}{\376\377\0005\000.\0006\0001\000\040\000U\000n\000i\000f\000o\000r\000m\000I\000m\000p\000l\000i\000c\000i\000t\000\040\000C\000l\000a\000s\000s\000\040\000R\000e\000f\000e\000r\000e\000n\000c\000e}{chapter.5}% 291
\BOOKMARK [1][-]{section.5.62}{\376\377\0005\000.\0006\0002\000\040\000V\000e\000c\000t\000o\000r\0002\000<\000\040\000T\000\040\000>\000\040\000C\000l\000a\000s\000s\000\040\000T\000e\000m\000p\000l\000a\000t\000e\000\040\000R\000e\000f\000e\000r\000e\000n\000c\000e}{chapter.5}% 292
\BOOKMARK [2][-]{subsection.5.62.1}{\376\377\0005\000.\0006\0002\000.\0001\000\040\000D\000e\000t\000a\000i\000l\000e\000d\000\040\000D\000e\000s\000c\000r\000i\000p\000t\000i\000o\000n}{section.5.62}% 293
\BOOKMARK [1][-]{section.5.63}{\376\377\0005\000.\0006\0003\000\040\000V\000e\000c\000t\000o\000r\0002\000P\000O\000D\000\040\000S\000t\000r\000u\000c\000t\000\040\000R\000e\000f\000e\000r\000e\000n\000c\000e}{chapter.5}% 294
\BOOKMARK [2][-]{subsection.5.63.1}{\376\377\0005\000.\0006\0003\000.\0001\000\040\000D\000e\000t\000a\000i\000l\000e\000d\000\040\000D\000e\000s\000c\000r\000i\000p\000t\000i\000o\000n}{section.5.63}% 295
\BOOKMARK [1][-]{section.5.64}{\376\377\0005\000.\0006\0004\000\040\000V\000e\000c\000t\000o\000r\0003\000<\000\040\000T\000\040\000>\000\040\000C\000l\000a\000s\000s\000\040\000T\000e\000m\000p\000l\000a\000t\000e\000\040\000R\000e\000f\000e\000r\000e\000n\000c\000e}{chapter.5}% 296
\BOOKMARK [2][-]{subsection.5.64.1}{\376\377\0005\000.\0006\0004\000.\0001\000\040\000D\000e\000t\000a\000i\000l\000e\000d\000\040\000D\000e\000s\000c\000r\000i\000p\000t\000i\000o\000n}{section.5.64}% 297
\BOOKMARK [1][-]{section.5.65}{\376\377\0005\000.\0006\0005\000\040\000V\000e\000c\000t\000o\000r\0003\000P\000O\000D\000\040\000S\000t\000r\000u\000c\000t\000\040\000R\000e\000f\000e\000r\000e\000n\000c\000e}{chapter.5}% 298
\BOOKMARK [2][-]{subsection.5.65.1}{\376\377\0005\000.\0006\0005\000.\0001\000\040\000D\000e\000t\000a\000i\000l\000e\000d\000\040\000D\000e\000s\000c\000r\000i\000p\000t\000i\000o\000n}{section.5.65}% 299
\BOOKMARK [1][-]{section.5.66}{\376\377\0005\000.\0006\0006\000\040\000V\000e\000c\000t\000o\000r\0004\000<\000\040\000T\000\040\000>\000\040\000C\000l\000a\000s\000s\000\040\000T\000e\000m\000p\000l\000a\000t\000e\000\040\000R\000e\000f\000e\000r\000e\000n\000c\000e}{chapter.5}% 300
\BOOKMARK [2][-]{subsection.5.66.1}{\376\377\0005\000.\0006\0006\000.\0001\000\040\000D\000e\000t\000a\000i\000l\000e\000d\000\040\000D\000e\000s\000c\000r\000i\000p\000t\000i\000o\000n}{section.5.66}% 301
\BOOKMARK [1][-]{section.5.67}{\376\377\0005\000.\0006\0007\000\040\000V\000e\000c\000t\000o\000r\0004\000P\000O\000D\000\040\000S\000t\000r\000u\000c\000t\000\040\000R\000e\000f\000e\000r\000e\000n\000c\000e}{chapter.5}% 302
\BOOKMARK [2][-]{subsection.5.67.1}{\376\377\0005\000.\0006\0007\000.\0001\000\040\000D\000e\000t\000a\000i\000l\000e\000d\000\040\000D\000e\000s\000c\000r\000i\000p\000t\000i\000o\000n}{section.5.67}% 303
\BOOKMARK [1][-]{section.5.68}{\376\377\0005\000.\0006\0008\000\040\000V\000e\000r\000t\000e\000x\000\040\000C\000l\000a\000s\000s\000\040\000R\000e\000f\000e\000r\000e\000n\000c\000e}{chapter.5}% 304
\BOOKMARK [2][-]{subsection.5.68.1}{\376\377\0005\000.\0006\0008\000.\0001\000\040\000D\000e\000t\000a\000i\000l\000e\000d\000\040\000D\000e\000s\000c\000r\000i\000p\000t\000i\000o\000n}{section.5.68}% 305
\BOOKMARK [1][-]{section.5.69}{\376\377\0005\000.\0006\0009\000\040\000W\000i\000n\000d\000o\000w\000\040\000C\000l\000a\000s\000s\000\040\000R\000e\000f\000e\000r\000e\000n\000c\000e}{chapter.5}% 306
\BOOKMARK [2][-]{subsection.5.69.1}{\376\377\0005\000.\0006\0009\000.\0001\000\040\000D\000e\000t\000a\000i\000l\000e\000d\000\040\000D\000e\000s\000c\000r\000i\000p\000t\000i\000o\000n}{section.5.69}% 307
\BOOKMARK [0][-]{section*.184}{\376\377\000I\000n\000d\000e\000x}{}% 308
